<?xml version="1.0" encoding="UTF-8"?>
<!-- Generated by org.testng.reporters.JUnitXMLReporter -->
<testsuite ignored="0" hostname="Sunil-Yadav-PC" failures="0" tests="4" name="Test" time="31.746" errors="0" timestamp="2024-11-04T17:22:44 IST">
  <testcase classname="testCases.TC001AccountRegistrationTest" name="Varify_account_registration" time="1.931"/>
  <testcase classname="testCases.TC002LoginTest" name="varify_Login" time="1.955"/>
  <testcase classname="testCases.TC005AddtocartTest" name="varify_addtocart" time="1.618"/>
  <testcase classname="testCases.TC004SearchProductTest" name="varify_searchProduct" time="0.526"/>
</testsuite> <!-- Test -->
