<?xml version="1.0" encoding="UTF-8"?>
<testng-results ignored="0" total="2" passed="2" failed="0" skipped="0">
  <reporter-output>
  </reporter-output>
  <suite started-at="2024-10-25T14:08:28 IST" name="Master Suite" finished-at="2024-10-25T14:08:45 IST" duration-ms="16850">
    <groups>
      <group name="Master">
        <method signature="TC001AccountRegistrationTest.Varify_account_registration()[pri:0, instance:testCases.TC001AccountRegistrationTest@42a9e5d1]" name="Varify_account_registration" class="testCases.TC001AccountRegistrationTest"/>
        <method signature="TC002LoginTest.varify_Login()[pri:0, instance:testCases.TC002LoginTest@6b54655f]" name="varify_Login" class="testCases.TC002LoginTest"/>
      </group> <!-- Master -->
      <group name="Sanity">
        <method signature="TC002LoginTest.varify_Login()[pri:0, instance:testCases.TC002LoginTest@6b54655f]" name="varify_Login" class="testCases.TC002LoginTest"/>
      </group> <!-- Sanity -->
      <group name="Regressipn">
        <method signature="TC001AccountRegistrationTest.Varify_account_registration()[pri:0, instance:testCases.TC001AccountRegistrationTest@42a9e5d1]" name="Varify_account_registration" class="testCases.TC001AccountRegistrationTest"/>
      </group> <!-- Regressipn -->
    </groups>
    <test started-at="2024-10-25T14:08:28 IST" name="Test" finished-at="2024-10-25T14:08:45 IST" duration-ms="16850">
      <class name="testCases.TC002LoginTest">
        <test-method is-config="true" signature="setup(java.lang.String,java.lang.String)[pri:0, instance:testCases.TC002LoginTest@6b54655f]" started-at="2024-10-25T14:08:39 IST" name="setup" finished-at="2024-10-25T14:08:42 IST" duration-ms="2990" status="PASS">
          <params>
            <param index="0">
              <value>
                <![CDATA[Windows]]>
              </value>
            </param>
            <param index="1">
              <value>
                <![CDATA[edge]]>
              </value>
            </param>
          </params>
          <reporter-output>
          </reporter-output>
        </test-method> <!-- setup -->
        <test-method signature="varify_Login()[pri:0, instance:testCases.TC002LoginTest@6b54655f]" started-at="2024-10-25T14:08:42 IST" name="varify_Login" finished-at="2024-10-25T14:08:44 IST" duration-ms="2065" status="PASS">
          <reporter-output>
          </reporter-output>
        </test-method> <!-- varify_Login -->
        <test-method is-config="true" signature="tearDown()[pri:0, instance:testCases.TC002LoginTest@6b54655f]" started-at="2024-10-25T14:08:44 IST" name="tearDown" finished-at="2024-10-25T14:08:45 IST" duration-ms="1542" status="PASS">
          <reporter-output>
          </reporter-output>
        </test-method> <!-- tearDown -->
      </class> <!-- testCases.TC002LoginTest -->
      <class name="testCases.TC001AccountRegistrationTest">
        <test-method is-config="true" signature="setup(java.lang.String,java.lang.String)[pri:0, instance:testCases.TC001AccountRegistrationTest@42a9e5d1]" started-at="2024-10-25T14:08:29 IST" name="setup" finished-at="2024-10-25T14:08:35 IST" duration-ms="6725" status="PASS">
          <params>
            <param index="0">
              <value>
                <![CDATA[Windows]]>
              </value>
            </param>
            <param index="1">
              <value>
                <![CDATA[edge]]>
              </value>
            </param>
          </params>
          <reporter-output>
          </reporter-output>
        </test-method> <!-- setup -->
        <test-method signature="Varify_account_registration()[pri:0, instance:testCases.TC001AccountRegistrationTest@42a9e5d1]" started-at="2024-10-25T14:08:35 IST" name="Varify_account_registration" finished-at="2024-10-25T14:08:38 IST" duration-ms="2361" status="PASS">
          <reporter-output>
          </reporter-output>
        </test-method> <!-- Varify_account_registration -->
        <test-method is-config="true" signature="tearDown()[pri:0, instance:testCases.TC001AccountRegistrationTest@42a9e5d1]" started-at="2024-10-25T14:08:38 IST" name="tearDown" finished-at="2024-10-25T14:08:39 IST" duration-ms="856" status="PASS">
          <reporter-output>
          </reporter-output>
        </test-method> <!-- tearDown -->
      </class> <!-- testCases.TC001AccountRegistrationTest -->
    </test> <!-- Test -->
  </suite> <!-- Master Suite -->
</testng-results>
