<?xml version="1.0" encoding="UTF-8"?>
<testng-results ignored="0" total="1" passed="1" failed="0" skipped="0">
  <reporter-output>
  </reporter-output>
  <suite started-at="2025-07-30T18:24:07 IST" name="Master Suite" finished-at="2025-07-30T18:24:15 IST" duration-ms="8088">
    <groups>
      <group name="Master">
        <method signature="TC001AccountRegistrationTest.Varify_account_registration()[pri:0, instance:testCases.TC001AccountRegistrationTest@613a8ee1]" name="Varify_account_registration" class="testCases.TC001AccountRegistrationTest"/>
      </group> <!-- Master -->
      <group name="Regressipn">
        <method signature="TC001AccountRegistrationTest.Varify_account_registration()[pri:0, instance:testCases.TC001AccountRegistrationTest@613a8ee1]" name="Varify_account_registration" class="testCases.TC001AccountRegistrationTest"/>
      </group> <!-- Regressipn -->
    </groups>
    <test started-at="2025-07-30T18:24:07 IST" name="Test" finished-at="2025-07-30T18:24:15 IST" duration-ms="8088">
      <class name="testCases.TC001AccountRegistrationTest">
        <test-method is-config="true" signature="setup(java.lang.String,java.lang.String)[pri:0, instance:testCases.TC001AccountRegistrationTest@613a8ee1]" started-at="2025-07-30T18:24:08 IST" name="setup" finished-at="2025-07-30T18:24:12 IST" duration-ms="4247" status="PASS">
          <params>
            <param index="0">
              <value>
                <![CDATA[Windows]]>
              </value>
            </param>
            <param index="1">
              <value>
                <![CDATA[chrome]]>
              </value>
            </param>
          </params>
          <reporter-output>
          </reporter-output>
        </test-method> <!-- setup -->
        <test-method signature="Varify_account_registration()[pri:0, instance:testCases.TC001AccountRegistrationTest@613a8ee1]" started-at="2025-07-30T18:24:12 IST" name="Varify_account_registration" finished-at="2025-07-30T18:24:15 IST" duration-ms="3012" status="PASS">
          <reporter-output>
          </reporter-output>
        </test-method> <!-- Varify_account_registration -->
        <test-method is-config="true" signature="tearDown()[pri:0, instance:testCases.TC001AccountRegistrationTest@613a8ee1]" started-at="2025-07-30T18:24:15 IST" name="tearDown" finished-at="2025-07-30T18:24:15 IST" duration-ms="395" status="PASS">
          <reporter-output>
          </reporter-output>
        </test-method> <!-- tearDown -->
      </class> <!-- testCases.TC001AccountRegistrationTest -->
    </test> <!-- Test -->
  </suite> <!-- Master Suite -->
</testng-results>
