<?xml version="1.0" encoding="UTF-8"?>
<testng-results ignored="0" total="1" passed="1" failed="0" skipped="0">
  <reporter-output>
  </reporter-output>
  <suite started-at="2025-07-30T20:27:48 IST" name="Master Suite" finished-at="2025-07-30T20:28:00 IST" duration-ms="11759">
    <groups>
      <group name="Master">
        <method signature="TC002LoginTest.varify_Login()[pri:0, instance:testCases.TC002LoginTest@5cc126dc]" name="varify_Login" class="testCases.TC002LoginTest"/>
      </group> <!-- Master -->
      <group name="Sanity">
        <method signature="TC002LoginTest.varify_Login()[pri:0, instance:testCases.TC002LoginTest@5cc126dc]" name="varify_Login" class="testCases.TC002LoginTest"/>
      </group> <!-- Sanity -->
    </groups>
    <test started-at="2025-07-30T20:27:48 IST" name="Test" finished-at="2025-07-30T20:28:00 IST" duration-ms="11759">
      <class name="testCases.TC002LoginTest">
        <test-method is-config="true" signature="setup(java.lang.String,java.lang.String)[pri:0, instance:testCases.TC002LoginTest@5cc126dc]" started-at="2025-07-30T20:27:49 IST" name="setup" finished-at="2025-07-30T20:27:57 IST" duration-ms="7550" status="PASS">
          <params>
            <param index="0">
              <value>
                <![CDATA[Windows]]>
              </value>
            </param>
            <param index="1">
              <value>
                <![CDATA[chrome]]>
              </value>
            </param>
          </params>
          <reporter-output>
          </reporter-output>
        </test-method> <!-- setup -->
        <test-method signature="varify_Login()[pri:0, instance:testCases.TC002LoginTest@5cc126dc]" started-at="2025-07-30T20:27:57 IST" name="varify_Login" finished-at="2025-07-30T20:28:00 IST" duration-ms="3196" status="PASS">
          <reporter-output>
          </reporter-output>
        </test-method> <!-- varify_Login -->
        <test-method is-config="true" signature="tearDown()[pri:0, instance:testCases.TC002LoginTest@5cc126dc]" started-at="2025-07-30T20:28:00 IST" name="tearDown" finished-at="2025-07-30T20:28:00 IST" duration-ms="446" status="PASS">
          <reporter-output>
          </reporter-output>
        </test-method> <!-- tearDown -->
      </class> <!-- testCases.TC002LoginTest -->
    </test> <!-- Test -->
  </suite> <!-- Master Suite -->
</testng-results>
